<?xml version="1.0" encoding="UTF-8"?>
<testng-results ignored="0" total="3" passed="3" failed="0" skipped="0">
  <reporter-output>
  </reporter-output>
  <suite started-at="2023-04-11T23:16:21 IST" name="Default suite" finished-at="2023-04-11T23:16:52 IST" duration-ms="31809">
    <groups>
    </groups>
    <test started-at="2023-04-11T23:16:21 IST" name="Default test" finished-at="2023-04-11T23:16:52 IST" duration-ms="31809">
      <class name="com.yahoo.YahooTest">
        <test-method is-config="true" signature="configBeforeClass()[pri:0, instance:com.yahoo.YahooTest@659499f1]" started-at="2023-04-11T23:16:21 IST" name="configBeforeClass" finished-at="2023-04-11T23:16:21 IST" duration-ms="10" status="PASS">
          <reporter-output>
          </reporter-output>
        </test-method> <!-- configBeforeClass -->
        <test-method is-config="true" signature="cofigBeforeTest()[pri:0, instance:com.yahoo.YahooTest@659499f1]" started-at="2023-04-11T23:16:21 IST" name="cofigBeforeTest" finished-at="2023-04-11T23:16:27 IST" duration-ms="6706" status="PASS">
          <reporter-output>
          </reporter-output>
        </test-method> <!-- cofigBeforeTest -->
        <test-method signature="YH_001()[pri:0, instance:com.yahoo.YahooTest@659499f1]" started-at="2023-04-11T23:16:27 IST" name="YH_001" finished-at="2023-04-11T23:16:35 IST" duration-ms="7500" status="PASS">
          <reporter-output>
          </reporter-output>
        </test-method> <!-- YH_001 -->
        <test-method is-config="true" signature="configAfterClass()[pri:0, instance:com.yahoo.YahooTest@659499f1]" started-at="2023-04-11T23:16:35 IST" name="configAfterClass" finished-at="2023-04-11T23:16:35 IST" duration-ms="476" status="PASS">
          <reporter-output>
          </reporter-output>
        </test-method> <!-- configAfterClass -->
        <test-method is-config="true" signature="cofigBeforeTest()[pri:0, instance:com.yahoo.YahooTest@659499f1]" started-at="2023-04-11T23:16:35 IST" name="cofigBeforeTest" finished-at="2023-04-11T23:16:37 IST" duration-ms="1860" status="PASS">
          <reporter-output>
          </reporter-output>
        </test-method> <!-- cofigBeforeTest -->
        <test-method signature="YH_002()[pri:0, instance:com.yahoo.YahooTest@659499f1]" started-at="2023-04-11T23:16:37 IST" name="YH_002" finished-at="2023-04-11T23:16:40 IST" duration-ms="2352" status="PASS">
          <reporter-output>
          </reporter-output>
        </test-method> <!-- YH_002 -->
        <test-method is-config="true" signature="configAfterClass()[pri:0, instance:com.yahoo.YahooTest@659499f1]" started-at="2023-04-11T23:16:40 IST" name="configAfterClass" finished-at="2023-04-11T23:16:40 IST" duration-ms="393" status="PASS">
          <reporter-output>
          </reporter-output>
        </test-method> <!-- configAfterClass -->
        <test-method is-config="true" signature="cofigBeforeTest()[pri:0, instance:com.yahoo.YahooTest@659499f1]" started-at="2023-04-11T23:16:40 IST" name="cofigBeforeTest" finished-at="2023-04-11T23:16:42 IST" duration-ms="1831" status="PASS">
          <reporter-output>
          </reporter-output>
        </test-method> <!-- cofigBeforeTest -->
        <test-method signature="YH_003()[pri:0, instance:com.yahoo.YahooTest@659499f1]" started-at="2023-04-11T23:16:42 IST" name="YH_003" finished-at="2023-04-11T23:16:52 IST" duration-ms="10145" status="PASS">
          <reporter-output>
          </reporter-output>
        </test-method> <!-- YH_003 -->
        <test-method is-config="true" signature="configAfterClass()[pri:0, instance:com.yahoo.YahooTest@659499f1]" started-at="2023-04-11T23:16:52 IST" name="configAfterClass" finished-at="2023-04-11T23:16:52 IST" duration-ms="483" status="PASS">
          <reporter-output>
          </reporter-output>
        </test-method> <!-- configAfterClass -->
        <test-method is-config="true" signature="cofigAftereTest()[pri:0, instance:com.yahoo.YahooTest@659499f1]" started-at="2023-04-11T23:16:52 IST" name="cofigAftereTest" finished-at="2023-04-11T23:16:52 IST" duration-ms="0" status="PASS">
          <reporter-output>
          </reporter-output>
        </test-method> <!-- cofigAftereTest -->
      </class> <!-- com.yahoo.YahooTest -->
    </test> <!-- Default test -->
  </suite> <!-- Default suite -->
</testng-results>
