<?xml version="1.0" encoding="UTF-8"?>
<!-- Generated by org.testng.reporters.JUnitXMLReporter -->
<testsuite ignored="0" hostname="Dhanush8" failures="0" tests="3" name="Default test" time="31.809" errors="0" timestamp="2023-04-11T23:16:52 IST">
  <testcase classname="com.yahoo.YahooTest" name="YH_001" time="7.5"/>
  <testcase classname="com.yahoo.YahooTest" name="YH_002" time="2.352"/>
  <testcase classname="com.yahoo.YahooTest" name="YH_003" time="10.145"/>
</testsuite> <!-- Default test -->
